<?xml version="1.0" encoding="UTF-8"?>
<!-- Generated by org.testng.reporters.JUnitXMLReporter -->
<testsuite ignored="0" hostname="LAPTOP-V3CUONVT" failures="0" tests="4" name="Example1" time="0.071" errors="0" timestamp="2024-03-29T18:01:42 IST">
  <testcase classname="com.testng.concepts.AnnotationTestExample1" name="AnnotationTC1" time="0.004"/>
  <testcase classname="com.testng.concepts.AnnotationTestExample1" name="AnnotationTC2" time="0.001"/>
  <testcase classname="com.testng.concepts.AnnotationTestExample2" name="AnnotationTC3" time="0.003"/>
  <testcase classname="com.testng.concepts.AnnotationTestExample2" name="AnnotationTC4" time="0.001"/>
</testsuite> <!-- Example1 -->
