<?xml version="1.0" encoding="UTF-8"?>
<!-- Generated by org.testng.reporters.JUnitXMLReporter -->
<testsuite ignored="0" hostname="LAPTOP-V3CUONVT" failures="0" tests="3" name="Submit Order Test" time="23.386" errors="0" timestamp="2024-08-02T13:25:13 IST">
  <testcase classname="automationFramework.Tests.SubmitOrderTest" name="SubmitOrder" time="5.556"/>
  <testcase classname="automationFramework.Tests.SubmitOrderTest" name="SubmitOrder" time="4.855"/>
  <testcase classname="automationFramework.Tests.SubmitOrderTest" name="OrderHistoryTest" time="5.658"/>
</testsuite> <!-- Submit Order Test -->
