<?xml version="1.0" encoding="UTF-8"?>
<!-- Generated by org.testng.reporters.JUnitXMLReporter -->
<testsuite ignored="0" hostname="LAPTOP-V3CUONVT" failures="0" tests="4" name="Test" time="24.245" errors="0" timestamp="2024-05-14T20:04:01 IST">
  <testcase classname="automationFramework.Tests.SubmitOrderTest" name="SubmitOrder" time="4.837"/>
  <testcase classname="automationFramework.Tests.SubmitOrderTest" name="OrderHistoryTest" time="5.767"/>
  <testcase classname="automationFramework.Tests.ErrorValidationTest" name="LoginErrorValidation" time="0.466"/>
  <testcase classname="automationFramework.Tests.ErrorValidationTest" name="ProductErrorValidation" time="3.943"/>
</testsuite> <!-- Test -->
