-------------------------------------------------------------------------------
Test set: TestSuite
-------------------------------------------------------------------------------
Tests run: 6, Failures: 1, Errors: 0, Skipped: 1, Time elapsed: 41.847 s <<< FAILURE! - in TestSuite
LoginErrorValidation(automationFramework.Tests.ErrorValidationTest)  Time elapsed: 0.784 s  <<< FAILURE!
java.lang.AssertionError: expected [Incorrect email or password.] but found [Incorrect email password.]
	at automationFramework.Tests.ErrorValidationTest.LoginErrorValidation(ErrorValidationTest.java:17)

