<?xml version="1.0" encoding="UTF-8"?>
<!-- Generated by org.testng.reporters.JUnitXMLReporter -->
<testsuite ignored="2" hostname="LAPTOP-V3CUONVT" failures="0" tests="2" name="PersonalLoan" time="0.005" errors="0" timestamp="2024-03-28T20:26:52 IST">
  <testcase classname="com.testng.concepts.PersonalLoanTestCases" name="PersonalLoanTC1" time="0.0"/>
  <testcase classname="com.testng.concepts.PersonalLoanTestCases" name="PersonalLoanTC2" time="0.0"/>
  <testcase classname="com.testng.concepts.PersonalLoanTestCases" name="MobileTC2" time="0.0">
    <ignored/>
  </testcase> <!-- MobileTC2 -->
  <testcase classname="com.testng.concepts.PersonalLoanTestCases" name="MobileTC1" time="0.0">
    <ignored/>
  </testcase> <!-- MobileTC1 -->
</testsuite> <!-- PersonalLoan -->
