<?xml version="1.0" encoding="UTF-8"?>
<!-- Generated by org.testng.reporters.JUnitXMLReporter -->
<testsuite ignored="0" hostname="LAPTOP-V3CUONVT" failures="0" tests="4" name="HomeLoan" time="0.012" errors="0" timestamp="2024-03-28T20:26:52 IST">
  <testcase classname="com.testng.concepts.HomeLoanTestCases" name="HomeLoanTC1" time="0.001"/>
  <testcase classname="com.testng.concepts.HomeLoanTestCases" name="HomeLoanTC2" time="0.002"/>
  <testcase classname="com.testng.concepts.HomeLoanTestCases" name="MobileTC1" time="0.001"/>
  <testcase classname="com.testng.concepts.HomeLoanTestCases" name="MobileTC2" time="0.001"/>
</testsuite> <!-- HomeLoan -->
