<?xml version="1.0" encoding="UTF-8"?>
<!-- Generated by org.testng.reporters.JUnitXMLReporter -->
<testsuite ignored="0" hostname="LAPTOP-V3CUONVT" failures="0" tests="22" name="Loans" time="0.128" errors="0" timestamp="2024-03-28T23:24:37 IST">
  <testcase classname="com.testng.concepts.AnnotationTestExample1" name="AnnotationTC1" time="0.007"/>
  <testcase classname="com.testng.concepts.AnnotationTestExample1" name="AnnotationTC2" time="0.0"/>
  <testcase classname="com.testng.concepts.AnnotationTestExample2" name="AnnotationTC3" time="0.001"/>
  <testcase classname="com.testng.concepts.AnnotationTestExample2" name="AnnotationTC4" time="0.001"/>
  <testcase classname="com.testng.concepts.AnnotationTestExample3" name="AnnotationTC5" time="0.001"/>
  <testcase classname="com.testng.concepts.AnnotationTestExample3" name="AnnotationTC6" time="0.001"/>
  <testcase classname="com.testng.concepts.CarLoanTestCases1" name="CarLoanTC1" time="0.003"/>
  <testcase classname="com.testng.concepts.CarLoanTestCases1" name="CarLoanTC2" time="0.001"/>
  <testcase classname="com.testng.concepts.CarLoanTestCases1" name="MobileTC1" time="0.0"/>
  <testcase classname="com.testng.concepts.CarLoanTestCases1" name="MobileTC2" time="0.002"/>
  <testcase classname="com.testng.concepts.CarLoanTestCases2" name="CarLoanTC3" time="0.001"/>
  <testcase classname="com.testng.concepts.CarLoanTestCases2" name="CarLoanTC4" time="0.001"/>
  <testcase classname="com.testng.concepts.CarLoanTestCases2" name="MobileTC3" time="0.001"/>
  <testcase classname="com.testng.concepts.CarLoanTestCases2" name="MobileTC4" time="0.002"/>
  <testcase classname="com.testng.concepts.HomeLoanTestCases" name="HomeLoanTC1" time="0.001"/>
  <testcase classname="com.testng.concepts.HomeLoanTestCases" name="HomeLoanTC2" time="0.001"/>
  <testcase classname="com.testng.concepts.HomeLoanTestCases" name="MobileTC1" time="0.001"/>
  <testcase classname="com.testng.concepts.HomeLoanTestCases" name="MobileTC2" time="0.0"/>
  <testcase classname="com.testng.concepts.PersonalLoanTestCases" name="MobileTC1" time="0.001"/>
  <testcase classname="com.testng.concepts.PersonalLoanTestCases" name="MobileTC2" time="0.002"/>
  <testcase classname="com.testng.concepts.PersonalLoanTestCases" name="PersonalLoanTC1" time="0.001"/>
  <testcase classname="com.testng.concepts.PersonalLoanTestCases" name="PersonalLoanTC2" time="0.001"/>
</testsuite> <!-- Loans -->
